Microsoft HTML Help Compiler 4.74.8702

Compiling e:\dev\src\sharpcvslib\sharpcvslib_0_35_branch\dist\doc\api\msdn\SharpCvsLib.chm

HHC3000: Warning: Invalid syntax: A <PARAM> tag appears outside of an <OBJECT> tag.
HHC3000: Warning: Invalid syntax: A <PARAM> tag appears outside of an <OBJECT> tag.
HHC3000: Warning: Invalid syntax: A <PARAM> tag appears outside of an <OBJECT> tag.
HHC3000: Warning: Invalid syntax: A <PARAM> tag appears outside of an <OBJECT> tag.
HHC3000: Warning: Invalid syntax: A <PARAM> tag appears outside of an <OBJECT> tag.
HHC3000: Warning: Invalid syntax: A <PARAM> tag appears outside of an <OBJECT> tag.
HHC3000: Warning: Invalid syntax: A <PARAM> tag appears outside of an <OBJECT> tag.
HHC3000: Warning: Invalid syntax: A <PARAM> tag appears outside of an <OBJECT> tag.
HHC3000: Warning: Invalid syntax: A <PARAM> tag appears outside of an <OBJECT> tag.
HHC3000: Warning: Invalid syntax: A <PARAM> tag appears outside of an <OBJECT> tag.
HHC3000: Warning: Invalid syntax: A <PARAM> tag appears outside of an <OBJECT> tag.
HHC3000: Warning: Invalid syntax: A <PARAM> tag appears outside of an <OBJECT> tag.
HHC3000: Warning: Invalid syntax: A <PARAM> tag appears outside of an <OBJECT> tag.
HHC3000: Warning: Invalid syntax: A <PARAM> tag appears outside of an <OBJECT> tag.
HHC3000: Warning: Invalid syntax: A <PARAM> tag appears outside of an <OBJECT> tag.
HHC3000: Warning: Invalid syntax: A <PARAM> tag appears outside of an <OBJECT> tag.
HHC3000: Warning: Invalid syntax: A <PARAM> tag appears outside of an <OBJECT> tag.
HHC3000: Warning: Invalid syntax: A <PARAM> tag appears outside of an <OBJECT> tag.
HHC3000: Warning: Invalid syntax: A <PARAM> tag appears outside of an <OBJECT> tag.
HHC3000: Warning: Invalid syntax: A <PARAM> tag appears outside of an <OBJECT> tag.
HHC3000: Warning: Invalid syntax: A <PARAM> tag appears outside of an <OBJECT> tag.
HHC3000: Warning: Invalid syntax: A <PARAM> tag appears outside of an <OBJECT> tag.
HHC3000: Warning: Invalid syntax: A <PARAM> tag appears outside of an <OBJECT> tag.
HHC3000: Warning: Invalid syntax: A <PARAM> tag appears outside of an <OBJECT> tag.
HHC3000: Warning: Invalid syntax: A <PARAM> tag appears outside of an <OBJECT> tag.
HHC3000: Warning: Invalid syntax: A <PARAM> tag appears outside of an <OBJECT> tag.
HHC3000: Warning: Invalid syntax: A <PARAM> tag appears outside of an <OBJECT> tag.

Compile time: 0 minutes, 15 seconds
1,222	Topics
7,785	Local links
1,220	Internet links
8	Graphics


Created e:\dev\src\sharpcvslib\sharpcvslib_0_35_branch\dist\doc\api\msdn\SharpCvsLib.chm, 589,955 bytes
Compression decreased file by 3,451,886 bytes.
